<?xml version="1.0" encoding="UTF-8"?>
<testng-results skipped="0" failed="0" ignored="0" total="1" passed="1">
  <reporter-output>
  </reporter-output>
  <suite name="Suite" duration-ms="31288" started-at="2021-10-12T16:35:04Z" finished-at="2021-10-12T16:35:35Z">
    <groups>
    </groups>
    <test name="Test" duration-ms="31288" started-at="2021-10-12T16:35:04Z" finished-at="2021-10-12T16:35:35Z">
      <class name="sampleTest1.SampleTest1">
        <test-method status="PASS" signature="loginTest()[pri:0, instance:sampleTest1.SampleTest1@59f99ea]" name="loginTest" duration-ms="31119" started-at="2021-10-12T16:35:04Z" finished-at="2021-10-12T16:35:35Z">
          <reporter-output>
          </reporter-output>
        </test-method> <!-- loginTest -->
      </class> <!-- sampleTest1.SampleTest1 -->
    </test> <!-- Test -->
  </suite> <!-- Suite -->
</testng-results>
